<?xml version="1.0" encoding="UTF-8"?>
<!-- Generated by org.testng.reporters.JUnitReportReporter -->
<testsuite hostname="USMUMPILIGER1" failures="0" tests="1" name="cucumberOptions.TestNgTestRunner" time="0.096" errors="0" timestamp="2022-10-03T21:18:30 IST" skipped="0">
  <testcase classname="cucumberOptions.TestNgTestRunner" name="runScenario" time="0.096"/>
  <system-out/>
</testsuite> <!-- cucumberOptions.TestNgTestRunner -->
